<?xml version="1.0" encoding="UTF-8"?>
<!-- Generated by org.testng.reporters.JUnitReportReporter -->
<testsuite hostname="RATZZ" failures="0" tests="1" name="testscript.ManagenewsTest" time="3.973" errors="0" timestamp="2024-12-05T13:06:45 IST" skipped="0">
  <testcase classname="testscript.ManagenewsTest" name="VerifyIfTheUserCanCreateNews" time="3.973"/>
</testsuite> <!-- testscript.ManagenewsTest -->
