<?xml version="1.0" encoding="UTF-8"?>
<!-- Generated by org.testng.reporters.JUnitReportReporter -->
<testsuite hostname="RATZZ" failures="0" tests="2" name="testscript.ManageFooterTest" time="6.922" errors="0" timestamp="2024-11-30T02:03:16 IST" skipped="0">
  <testcase classname="testscript.ManageFooterTest" name="verifytheUpdateButton" time="2.605"/>
  <testcase classname="testscript.ManageFooterTest" name="updateTheFooterFields" time="4.317"/>
</testsuite> <!-- testscript.ManageFooterTest -->
