<?xml version="1.0" encoding="UTF-8"?>
<!-- Generated by org.testng.reporters.JUnitReportReporter -->
<testsuite hostname="RATZZ" failures="0" tests="2" name="testscript.ManageContactTest" time="8.099" errors="0" timestamp="2024-12-09T13:49:04 IST" skipped="0">
  <testcase classname="testscript.ManageContactTest" name="VerifyIfTheUserCanupdateTheContactDetails" time="4.087"/>
  <testcase classname="testscript.ManageContactTest" name="VerifyiftheUpdateButtonIsPresentInManageContCtPage" time="4.012"/>
</testsuite> <!-- testscript.ManageContactTest -->
