<?xml version="1.0" encoding="UTF-8"?>
<!-- Generated by org.testng.reporters.JUnitReportReporter -->
<testsuite hostname="RATZZ" failures="0" tests="1" name="testscript.ProductTest" time="6.793" errors="0" timestamp="2024-11-22T21:34:08 IST" skipped="0">
  <testcase classname="testscript.ProductTest" name="createNewProduct" time="6.793"/>
</testsuite> <!-- testscript.ProductTest -->
