<?xml version="1.0" encoding="UTF-8"?>
<!-- Generated by org.testng.reporters.JUnitReportReporter -->
<testsuite hostname="RATZZ" failures="0" tests="1" name="testscript.LoginTest" time="9.221" errors="0" timestamp="2024-12-03T12:10:46 IST" skipped="0">
  <testcase classname="testscript.LoginTest" name="verifyTheUserisAbletologinusingvalidcredentials" time="9.221"/>
</testsuite> <!-- testscript.LoginTest -->
