<?xml version="1.0" encoding="UTF-8"?>
<!-- Generated by org.testng.reporters.JUnitReportReporter -->
<testsuite hostname="RATZZ" failures="0" tests="2" name="testscript.ManageFooterTest" time="6.805" errors="0" timestamp="2024-12-05T13:06:15 IST" skipped="0">
  <testcase classname="testscript.ManageFooterTest" name="verifytheUpdateButtonIsPresentInTheFooterPage" time="2.591"/>
  <testcase classname="testscript.ManageFooterTest" name="VerifyIfTheUserCanupdateTheFooterFields" time="4.214"/>
</testsuite> <!-- testscript.ManageFooterTest -->
