<?xml version="1.0" encoding="UTF-8"?>
<!-- Generated by org.testng.reporters.JUnitReportReporter -->
<testsuite hostname="RATZZ" failures="0" tests="1" name="testscript.ManagenewsTest" time="5.047" errors="0" timestamp="2024-12-08T19:27:24 IST" skipped="0">
  <testcase classname="testscript.ManagenewsTest" name="VerifyIfTheUserCanCreateNews" time="5.047"/>
</testsuite> <!-- testscript.ManagenewsTest -->
