<?xml version="1.0" encoding="UTF-8"?>
<!-- Generated by org.testng.reporters.JUnitReportReporter -->
<testsuite hostname="RATZZ" failures="0" tests="1" name="testscript.AdminUserTest" time="4.990" errors="0" timestamp="2024-11-30T01:38:54 IST" skipped="0">
  <testcase classname="testscript.AdminUserTest" name="UpdateTheFields" time="4.990"/>
</testsuite> <!-- testscript.AdminUserTest -->
