<?xml version="1.0" encoding="UTF-8"?>
<!-- Generated by org.testng.reporters.JUnitReportReporter -->
<testsuite hostname="RATZZ" failures="0" tests="2" name="testscript.SubcategoryTest" time="10.036" errors="0" timestamp="2024-12-08T19:29:00 IST" skipped="0">
  <testcase classname="testscript.SubcategoryTest" name="VerifyIfUserIsAbleToUpdateTheExistingSubcategory" time="5.493"/>
  <testcase classname="testscript.SubcategoryTest" name="verifyIfTheUserIsAbleToCreateANewSubcategory" time="4.543"/>
</testsuite> <!-- testscript.SubcategoryTest -->
