<?xml version="1.0" encoding="UTF-8"?>
<!-- Generated by org.testng.reporters.JUnitReportReporter -->
<testsuite hostname="RATZZ" failures="0" tests="1" name="testscript.ManageProductTest" time="5.209" errors="0" timestamp="2024-11-30T01:52:24 IST" skipped="0">
  <testcase classname="testscript.ManageProductTest" name="createNewProduct" time="5.209"/>
</testsuite> <!-- testscript.ManageProductTest -->
