<?xml version="1.0" encoding="UTF-8"?>
<!-- Generated by org.testng.reporters.JUnitReportReporter -->
<testsuite hostname="RATZZ" failures="0" tests="2" name="testscript.SubcategoryTest" time="8.894" errors="0" timestamp="2024-12-09T13:46:26 IST" skipped="0">
  <testcase classname="testscript.SubcategoryTest" name="verifyIfTheUserIsAbleToCreateANewSubcategory" time="4.426"/>
  <testcase classname="testscript.SubcategoryTest" name="VerifyIfUserIsAbleToUpdateTheExistingSubcategory" time="4.468"/>
</testsuite> <!-- testscript.SubcategoryTest -->
