<?xml version="1.0" encoding="UTF-8"?>
<!-- Generated by org.testng.reporters.JUnitReportReporter -->
<testsuite hostname="RATZZ" failures="0" tests="1" name="testscript.AdminUserTest" time="5.049" errors="0" timestamp="2024-11-24T23:43:10 IST" skipped="0">
  <testcase classname="testscript.AdminUserTest" name="UpdateTheFields" time="5.049"/>
</testsuite> <!-- testscript.AdminUserTest -->
