<?xml version="1.0" encoding="UTF-8"?>
<!-- Generated by org.testng.reporters.JUnitReportReporter -->
<testsuite hostname="RATZZ" failures="0" tests="1" name="testscript.HomeTest" time="3.746" errors="0" timestamp="2024-12-09T13:52:56 IST" skipped="0">
  <testcase classname="testscript.HomeTest" name="verifyTheUserisAbletologout" time="3.746"/>
</testsuite> <!-- testscript.HomeTest -->
