<?xml version="1.0" encoding="UTF-8"?>
<!-- Generated by org.testng.reporters.JUnitReportReporter -->
<testsuite hostname="RATZZ" failures="0" tests="1" name="testscript.AdminUserTest" time="4.694" errors="0" timestamp="2024-12-05T13:03:37 IST" skipped="0">
  <testcase classname="testscript.AdminUserTest" name="UpdateTheFields" time="4.694"/>
</testsuite> <!-- testscript.AdminUserTest -->
