<?xml version="1.0" encoding="UTF-8"?>
<!-- Generated by org.testng.reporters.JUnitReportReporter -->
<testsuite hostname="RATZZ" failures="0" tests="1" name="testscript.AdminUserTest" time="4.420" errors="0" timestamp="2024-12-09T17:46:11 IST" skipped="0">
  <testcase classname="testscript.AdminUserTest" name="VerifyIfTheUserIsableToUpdateAllTheFields" time="4.420"/>
</testsuite> <!-- testscript.AdminUserTest -->
