<?xml version="1.0" encoding="UTF-8"?>
<!-- Generated by org.testng.reporters.JUnitReportReporter -->
<testsuite hostname="RATZZ" failures="0" tests="2" name="testscript.ManageFooterTest" time="11.245" errors="0" timestamp="2024-12-08T19:26:50 IST" skipped="0">
  <testcase classname="testscript.ManageFooterTest" name="verifytheUpdateButtonIsPresentInTheFooterPage" time="4.839"/>
  <testcase classname="testscript.ManageFooterTest" name="VerifyIfTheUserCanupdateTheFooterFields" time="6.406"/>
</testsuite> <!-- testscript.ManageFooterTest -->
