<?xml version="1.0" encoding="UTF-8"?>
<!-- Generated by org.testng.reporters.JUnitReportReporter -->
<testsuite hostname="RATZZ" failures="0" tests="1" name="testscript.HomeTest" time="5.555" errors="0" timestamp="2024-12-08T19:24:24 IST" skipped="0">
  <testcase classname="testscript.HomeTest" name="verifyTheUserisAbletologout" time="5.555"/>
</testsuite> <!-- testscript.HomeTest -->
