<?xml version="1.0" encoding="UTF-8"?>
<!-- Generated by org.testng.reporters.JUnitReportReporter -->
<testsuite hostname="RATZZ" failures="0" tests="2" name="testscript.SubcategoryTest" time="7.215" errors="0" timestamp="2024-12-05T13:07:48 IST" skipped="0">
  <testcase classname="testscript.SubcategoryTest" name="VerifyIfUserIsAbleToUpdateTheExistingSubcategory" time="3.967"/>
  <testcase classname="testscript.SubcategoryTest" name="verifyIfTheUserIsAbleToCreateANewSubcategory" time="3.248"/>
</testsuite> <!-- testscript.SubcategoryTest -->
