<?xml version="1.0" encoding="UTF-8"?>
<!-- Generated by org.testng.reporters.JUnitReportReporter -->
<testsuite hostname="RATZZ" failures="0" tests="2" name="testscript.ManageContactTest" time="9.415" errors="0" timestamp="2024-12-08T19:59:45 IST" skipped="0">
  <testcase classname="testscript.ManageContactTest" name="VerifyIfTheUserCanupdateTheContactDetails" time="5.846"/>
  <testcase classname="testscript.ManageContactTest" name="VerifyiftheUpdateButtonIsPresentInManageContCtPage" time="3.569"/>
</testsuite> <!-- testscript.ManageContactTest -->
