<?xml version="1.0" encoding="UTF-8"?>
<!-- Generated by org.testng.reporters.JUnitReportReporter -->
<testsuite hostname="RATZZ" failures="0" tests="2" name="testscript.SubcategoryTest" time="7.315" errors="0" timestamp="2024-11-30T01:51:11 IST" skipped="0">
  <testcase classname="testscript.SubcategoryTest" name="updateSubcategory" time="3.223"/>
  <testcase classname="testscript.SubcategoryTest" name="createSubcategory" time="4.092"/>
</testsuite> <!-- testscript.SubcategoryTest -->
