<?xml version="1.0" encoding="UTF-8"?>
<!-- Generated by org.testng.reporters.JUnitReportReporter -->
<testsuite hostname="RATZZ" failures="0" tests="3" name="testscript.LoginTest" time="9.089" errors="0" timestamp="2024-12-01T17:16:37 IST" skipped="1">
  <testcase classname="testscript.LoginTest" name="verifyTheUserisAbletologinusingvalidcredentials" time="2.271">
    <skipped/>
  </testcase> <!-- verifyTheUserisAbletologinusingvalidcredentials -->
  <testcase classname="testscript.LoginTest" name="verifyTheUserIsAbleToLoginUsingInvalidCredentials" time="3.088"/>
  <testcase classname="testscript.LoginTest" name="verifyTheUserisAbletologinusingvalidcredentials" time="3.730"/>
</testsuite> <!-- testscript.LoginTest -->
