<?xml version="1.0" encoding="UTF-8"?>
<!-- Generated by org.testng.reporters.JUnitReportReporter -->
<testsuite hostname="RATZZ" failures="0" tests="1" name="testscript.ManageProductTest" time="4.404" errors="0" timestamp="2024-12-09T13:47:09 IST" skipped="0">
  <testcase classname="testscript.ManageProductTest" name="VerifyIfTheUserIsAbleToCreateNewProduct" time="4.404"/>
</testsuite> <!-- testscript.ManageProductTest -->
