<?xml version="1.0" encoding="UTF-8"?>
<!-- Generated by org.testng.reporters.JUnitReportReporter -->
<testsuite hostname="RATZZ" failures="0" tests="2" name="testscript.ManageFooterTest" time="7.105" errors="0" timestamp="2024-11-30T01:41:24 IST" skipped="0">
  <testcase classname="testscript.ManageFooterTest" name="verifytheUpdateButton" time="3.135"/>
  <testcase classname="testscript.ManageFooterTest" name="updateTheFooterFields" time="3.970"/>
</testsuite> <!-- testscript.ManageFooterTest -->
