<?xml version="1.0" encoding="UTF-8"?>
<!-- Generated by org.testng.reporters.JUnitReportReporter -->
<testsuite hostname="RATZZ" failures="0" tests="1" name="testscript.ManageContactTest" time="4.541" errors="0" timestamp="2024-11-30T01:40:42 IST" skipped="0">
  <testcase classname="testscript.ManageContactTest" name="updateTheContactDetails" time="4.541"/>
</testsuite> <!-- testscript.ManageContactTest -->
