<?xml version="1.0" encoding="UTF-8"?>
<!-- Generated by org.testng.reporters.JUnitReportReporter -->
<testsuite hostname="RATZZ" failures="0" tests="1" name="testscript.ManagenewsTest" time="3.831" errors="0" timestamp="2024-12-09T13:47:38 IST" skipped="0">
  <testcase classname="testscript.ManagenewsTest" name="VerifyIfTheUserCanCreateNews" time="3.831"/>
</testsuite> <!-- testscript.ManagenewsTest -->
