<?xml version="1.0" encoding="UTF-8"?>
<!-- Generated by org.testng.reporters.JUnitReportReporter -->
<testsuite hostname="RATZZ" failures="0" tests="1" name="testscript.ManageProductTest" time="5.551" errors="0" timestamp="2024-12-05T13:07:18 IST" skipped="0">
  <testcase classname="testscript.ManageProductTest" name="VerifyIfTheUserIsAbleToCreateNewProduct" time="5.551"/>
</testsuite> <!-- testscript.ManageProductTest -->
