<?xml version="1.0" encoding="UTF-8"?>
<!-- Generated by org.testng.reporters.JUnitReportReporter -->
<testsuite hostname="RATZZ" failures="0" tests="3" name="testscript.LoginTest" time="7.838" errors="0" timestamp="2024-12-03T22:31:23 IST" skipped="1">
  <testcase classname="testscript.LoginTest" name="verifyTheUserisAbletologinusingvalidcredentials" time="3.049"/>
  <testcase classname="testscript.LoginTest" name="verifyTheUserIsAbleToLoginUsingInvalidCredentials" time="2.803"/>
  <testcase classname="testscript.LoginTest" name="verifyTheUserisAbletologinusingvalidcredentials" time="1.986">
    <skipped/>
  </testcase> <!-- verifyTheUserisAbletologinusingvalidcredentials -->
</testsuite> <!-- testscript.LoginTest -->
