<?xml version="1.0" encoding="UTF-8"?>
<!-- Generated by org.testng.reporters.JUnitReportReporter -->
<testsuite hostname="RATZZ" failures="0" tests="1" name="testscript.ManagenewsTest" time="4.103" errors="0" timestamp="2024-11-30T01:42:22 IST" skipped="0">
  <testcase classname="testscript.ManagenewsTest" name="createnews" time="4.103"/>
</testsuite> <!-- testscript.ManagenewsTest -->
