<?xml version="1.0" encoding="UTF-8"?>
<!-- Generated by org.testng.reporters.JUnitReportReporter -->
<testsuite hostname="RATZZ" failures="0" tests="2" name="testscript.ManageFooterTest" time="7.356" errors="0" timestamp="2024-12-09T13:48:27 IST" skipped="0">
  <testcase classname="testscript.ManageFooterTest" name="verifytheUpdateButtonIsPresentInTheFooterPage" time="3.227"/>
  <testcase classname="testscript.ManageFooterTest" name="VerifyIfTheUserCanupdateTheFooterFields" time="4.129"/>
</testsuite> <!-- testscript.ManageFooterTest -->
