<?xml version="1.0" encoding="UTF-8"?>
<!-- Generated by org.testng.reporters.JUnitReportReporter -->
<testsuite hostname="RATZZ" failures="0" tests="1" name="testscript.ManageProductTest" time="8.138" errors="0" timestamp="2024-12-09T01:36:57 IST" skipped="0">
  <testcase classname="testscript.ManageProductTest" name="VerifyIfTheUserIsAbleToCreateNewProduct" time="8.138"/>
</testsuite> <!-- testscript.ManageProductTest -->
